================================================================================

BUILD SUMMARY - debug
================================================================================
Configuration: debug
Result: FAILED
Duration: 1s (00:01)
Timestamp: Wed Dec  3 08:17:33 PM UTC 2025
================================================================================

BUILD FAILED
============

Error log: /var/repos/rcbot2/build-logs/errors-debug-20251203-201718.log
Full build log: /var/repos/rcbot2/build-logs/build-debug-20251203-201718.log

Common issues:
  1. Missing dependencies - run with --verbose to see details
  2. SDK path issues - verify HL2SDK and Metamod paths
  3. Architecture mismatch - ensure 32-bit libraries are installed

To analyze with Claude:
  1. Upload: /var/repos/rcbot2/build-logs/errors-debug-20251203-201718.log
  2. Upload: /var/repos/rcbot2/build-logs/summary-debug-20251203-201718.txt (this file)
  3. Prompt: 'Analyze these build errors and suggest fixes'

Log files:
  Build: /var/repos/rcbot2/build-logs/build-debug-20251203-201718.log
  Errors: /var/repos/rcbot2/build-logs/errors-debug-20251203-201718.log
  Summary: /var/repos/rcbot2/build-logs/summary-debug-20251203-201718.txt

