================================================================================

BUILD SUMMARY - debug
================================================================================
Configuration: debug
Result: FAILED
Duration: 0s (00:00)
Timestamp: Tue Dec  2 08:39:41 PM UTC 2025
================================================================================

BUILD FAILED
============

Error log: /var/repos/rcbot2/build-logs/errors-debug-20251202-203858.log
Full build log: /var/repos/rcbot2/build-logs/build-debug-20251202-203858.log

Common issues:
  1. Missing dependencies - run with --verbose to see details
  2. SDK path issues - verify HL2SDK and Metamod paths
  3. Architecture mismatch - ensure 32-bit libraries are installed

To analyze with Claude:
  1. Upload: /var/repos/rcbot2/build-logs/errors-debug-20251202-203858.log
  2. Upload: /var/repos/rcbot2/build-logs/summary-debug-20251202-203858.txt (this file)
  3. Prompt: 'Analyze these build errors and suggest fixes'

Log files:
  Build: /var/repos/rcbot2/build-logs/build-debug-20251202-203858.log
  Errors: /var/repos/rcbot2/build-logs/errors-debug-20251202-203858.log
  Summary: /var/repos/rcbot2/build-logs/summary-debug-20251202-203858.txt

